\BOOKMARK [1][-]{section.0.1}{Dokumentinformationen}{}% 1
\BOOKMARK [2][-]{subsection.0.1.1}{\304nderungskontrolle, Pr\374fung, Genehmigung}{section.0.1}% 2
\BOOKMARK [2][-]{subsection.0.1.2}{Referenzierte Dokumente}{section.0.1}% 3
\BOOKMARK [2][-]{subsection.0.1.3}{Verwendete Abk\374rzungen}{section.0.1}% 4
\BOOKMARK [-1][-]{part.1}{I Ablauf und Umfeld}{}% 5
\BOOKMARK [0][-]{chapter.1}{Aufgabenstellung}{part.1}% 6
\BOOKMARK [1][-]{section.1.1}{Ausgangslage}{chapter.1}% 7
\BOOKMARK [1][-]{section.1.2}{Auftragsformulierung}{chapter.1}% 8
\BOOKMARK [1][-]{section.1.3}{Mittel und Methoden}{chapter.1}% 9
\BOOKMARK [1][-]{section.1.4}{Projektmanagementplan}{chapter.1}% 10
\BOOKMARK [1][-]{section.1.5}{Projektrollen}{chapter.1}% 11
\BOOKMARK [0][-]{chapter.2}{Vorkenntnisse}{part.1}% 12
\BOOKMARK [0][-]{chapter.3}{Vorarbeiten}{part.1}% 13
\BOOKMARK [0][-]{chapter.4}{Firmenstandards}{part.1}% 14
\BOOKMARK [1][-]{section.4.1}{Bootstrapping}{chapter.4}% 15
\BOOKMARK [1][-]{section.4.2}{KVM}{chapter.4}% 16
\BOOKMARK [1][-]{section.4.3}{IP-Adressen}{chapter.4}% 17
\BOOKMARK [1][-]{section.4.4}{Linux Standard Base}{chapter.4}% 18
\BOOKMARK [0][-]{chapter.5}{Organisation der IPA}{part.1}% 19
\BOOKMARK [1][-]{section.5.1}{Datensicherung der IPA}{chapter.5}% 20
\BOOKMARK [0][-]{chapter.6}{Zeitplan}{part.1}% 21
\BOOKMARK [0][-]{chapter.7}{Arbeitsjournal}{part.1}% 22
\BOOKMARK [1][-]{section.7.1}{Tag 1: 27.01.2015 Dienstag }{chapter.7}% 23
\BOOKMARK [0][-]{chapter.8}{Abschlussbericht}{part.1}% 24
\BOOKMARK [1][-]{section.8.1}{Vergleich Ist/Soll}{chapter.8}% 25
\BOOKMARK [1][-]{section.8.2}{Mittelbedarf}{chapter.8}% 26
\BOOKMARK [1][-]{section.8.3}{Realisierungsbericht}{chapter.8}% 27
\BOOKMARK [1][-]{section.8.4}{Testbericht}{chapter.8}% 28
\BOOKMARK [1][-]{section.8.5}{Fazit zum Projekt}{chapter.8}% 29
\BOOKMARK [1][-]{section.8.6}{Pers\366nliches Fazit}{chapter.8}% 30
\BOOKMARK [0][-]{chapter.9}{Unterschriften Teil 1}{part.1}% 31
\BOOKMARK [-1][-]{part.2}{II Projektdokumentation}{}% 32
\BOOKMARK [0][-]{chapter.10}{Initialisierung}{part.2}% 33
\BOOKMARK [1][-]{section.10.1}{Studie Ist Zustand / Soll-Zustand}{chapter.10}% 34
\BOOKMARK [1][-]{section.10.2}{Vorgehensziele}{chapter.10}% 35
\BOOKMARK [1][-]{section.10.3}{Systemziele}{chapter.10}% 36
\BOOKMARK [1][-]{section.10.4}{Anforderungen}{chapter.10}% 37
\BOOKMARK [1][-]{section.10.5}{Riskioanalyse}{chapter.10}% 38
\BOOKMARK [1][-]{section.10.6}{Varianten}{chapter.10}% 39
\BOOKMARK [1][-]{section.10.7}{Informationssicherheit und Datenschutz\(ISDS\)}{chapter.10}% 40
\BOOKMARK [0][-]{chapter.11}{Konzept}{part.2}% 41
\BOOKMARK [1][-]{section.11.1}{Detailkonzept}{chapter.11}% 42
\BOOKMARK [2][-]{subsection.11.1.1}{L\366sungskonzept}{section.11.1}% 43
\BOOKMARK [2][-]{subsection.11.1.2}{Beschreibung der Variante}{section.11.1}% 44
\BOOKMARK [2][-]{subsection.11.1.3}{Anforderung an die Realisierung}{section.11.1}% 45
\BOOKMARK [2][-]{subsection.11.1.4}{Anforderungsabdeckung}{section.11.1}% 46
\BOOKMARK [1][-]{section.11.2}{Machbarkeitsanalyse}{chapter.11}% 47
\BOOKMARK [2][-]{subsection.11.2.1}{Wirtschaftliche Machbarkeit}{section.11.2}% 48
\BOOKMARK [2][-]{subsection.11.2.2}{Technische Machbarkeit}{section.11.2}% 49
\BOOKMARK [2][-]{subsection.11.2.3}{Ressourcen und Verf\374gbarkeit}{section.11.2}% 50
\BOOKMARK [2][-]{subsection.11.2.4}{Zeitliche Umsetzung}{section.11.2}% 51
\BOOKMARK [2][-]{subsection.11.2.5}{Empfehlung}{section.11.2}% 52
\BOOKMARK [1][-]{section.11.3}{Testkonzept}{chapter.11}% 53
\BOOKMARK [2][-]{subsection.11.3.1}{Testziel}{section.11.3}% 54
\BOOKMARK [2][-]{subsection.11.3.2}{Testobjekte}{section.11.3}% 55
\BOOKMARK [2][-]{subsection.11.3.3}{Testarten}{section.11.3}% 56
\BOOKMARK [2][-]{subsection.11.3.4}{Testabdeckung}{section.11.3}% 57
\BOOKMARK [2][-]{subsection.11.3.5}{Testrahmen}{section.11.3}% 58
\BOOKMARK [2][-]{subsection.11.3.6}{Testinfrastruktur}{section.11.3}% 59
\BOOKMARK [2][-]{subsection.11.3.7}{Testfallbeschreibung}{section.11.3}% 60
\BOOKMARK [2][-]{subsection.11.3.8}{Testplan}{section.11.3}% 61
\BOOKMARK [0][-]{chapter.12}{Realisierung}{part.2}% 62
\BOOKMARK [1][-]{section.12.1}{Realisierung Anwendung}{chapter.12}% 63
\BOOKMARK [2][-]{subsection.12.1.1}{Application}{section.12.1}% 64
\BOOKMARK [2][-]{subsection.12.1.2}{Application}{section.12.1}% 65
\BOOKMARK [2][-]{subsection.12.1.3}{Application}{section.12.1}% 66
\BOOKMARK [1][-]{section.12.2}{Tests durchf\374hren}{chapter.12}% 67
\BOOKMARK [1][-]{section.12.3}{Benutzeranleitung f\374r Systemadministratoren}{chapter.12}% 68
\BOOKMARK [0][-]{chapter.13}{Einf\374hrung}{part.2}% 69
\BOOKMARK [1][-]{section.13.1}{Testkonzept und -infrastruktur \374berf\374hren}{chapter.13}% 70
\BOOKMARK [0][-]{chapter.14}{Quellenverzeichnis}{part.2}% 71
\BOOKMARK [0][-]{chapter.15}{Glossar}{part.2}% 72
\BOOKMARK [-1][-]{part.3}{III Anhang}{}% 73
\BOOKMARK [0][-]{chapter.16}{Step-By-Step Anleitung}{part.3}% 74
