This is pdfTeX, Version 3.1415926-2.5-1.40.14 (TeX Live 2013/Debian) (format=pdflatex 2015.12.2)  2 DEC 2015 14:06
entering extended mode
 restricted \write18 enabled.
 %&-line parsing enabled.
**main.tex
(./main.tex
LaTeX2e <2011/06/27>
Babel <3.9h> and hyphenation patterns for 7 languages loaded.
(/usr/share/texlive/texmf-dist/tex/latex/base/report.cls
Document Class: report 2007/10/19 v1.4h Standard LaTeX document class
(/usr/share/texlive/texmf-dist/tex/latex/base/size11.clo
File: size11.clo 2007/10/19 v1.4h Standard LaTeX file (size option)
)
\c@part=\count79
\c@chapter=\count80
\c@section=\count81
\c@subsection=\count82
\c@subsubsection=\count83
\c@paragraph=\count84
\c@subparagraph=\count85
\c@figure=\count86
\c@table=\count87
\abovecaptionskip=\skip41
\belowcaptionskip=\skip42
\bibindent=\dimen102
)
(/usr/share/texlive/texmf-dist/tex/latex/base/inputenc.sty
Package: inputenc 2008/03/30 v1.1d Input encoding file
\inpenc@prehook=\toks14
\inpenc@posthook=\toks15

(/usr/share/texlive/texmf-dist/tex/latex/base/utf8.def
File: utf8.def 2008/04/05 v1.1m UTF-8 support for inputenc
Now handling font encoding OML ...
... no UTF-8 mapping file for font encoding OML
Now handling font encoding T1 ...
... processing UTF-8 mapping file for font encoding T1

(/usr/share/texlive/texmf-dist/tex/latex/base/t1enc.dfu
File: t1enc.dfu 2008/04/05 v1.1m UTF-8 support for inputenc
   defining Unicode char U+00A1 (decimal 161)
   defining Unicode char U+00A3 (decimal 163)
   defining Unicode char U+00AB (decimal 171)
   defining Unicode char U+00BB (decimal 187)
   defining Unicode char U+00BF (decimal 191)
   defining Unicode char U+00C0 (decimal 192)
   defining Unicode char U+00C1 (decimal 193)
   defining Unicode char U+00C2 (decimal 194)
   defining Unicode char U+00C3 (decimal 195)
   defining Unicode char U+00C4 (decimal 196)
   defining Unicode char U+00C5 (decimal 197)
   defining Unicode char U+00C6 (decimal 198)
   defining Unicode char U+00C7 (decimal 199)
   defining Unicode char U+00C8 (decimal 200)
   defining Unicode char U+00C9 (decimal 201)
   defining Unicode char U+00CA (decimal 202)
   defining Unicode char U+00CB (decimal 203)
   defining Unicode char U+00CC (decimal 204)
   defining Unicode char U+00CD (decimal 205)
   defining Unicode char U+00CE (decimal 206)
   defining Unicode char U+00CF (decimal 207)
   defining Unicode char U+00D0 (decimal 208)
   defining Unicode char U+00D1 (decimal 209)
   defining Unicode char U+00D2 (decimal 210)
   defining Unicode char U+00D3 (decimal 211)
   defining Unicode char U+00D4 (decimal 212)
   defining Unicode char U+00D5 (decimal 213)
   defining Unicode char U+00D6 (decimal 214)
   defining Unicode char U+00D8 (decimal 216)
   defining Unicode char U+00D9 (decimal 217)
   defining Unicode char U+00DA (decimal 218)
   defining Unicode char U+00DB (decimal 219)
   defining Unicode char U+00DC (decimal 220)
   defining Unicode char U+00DD (decimal 221)
   defining Unicode char U+00DE (decimal 222)
   defining Unicode char U+00DF (decimal 223)
   defining Unicode char U+00E0 (decimal 224)
   defining Unicode char U+00E1 (decimal 225)
   defining Unicode char U+00E2 (decimal 226)
   defining Unicode char U+00E3 (decimal 227)
   defining Unicode char U+00E4 (decimal 228)
   defining Unicode char U+00E5 (decimal 229)
   defining Unicode char U+00E6 (decimal 230)
   defining Unicode char U+00E7 (decimal 231)
   defining Unicode char U+00E8 (decimal 232)
   defining Unicode char U+00E9 (decimal 233)
   defining Unicode char U+00EA (decimal 234)
   defining Unicode char U+00EB (decimal 235)
   defining Unicode char U+00EC (decimal 236)
   defining Unicode char U+00ED (decimal 237)
   defining Unicode char U+00EE (decimal 238)
   defining Unicode char U+00EF (decimal 239)
   defining Unicode char U+00F0 (decimal 240)
   defining Unicode char U+00F1 (decimal 241)
   defining Unicode char U+00F2 (decimal 242)
   defining Unicode char U+00F3 (decimal 243)
   defining Unicode char U+00F4 (decimal 244)
   defining Unicode char U+00F5 (decimal 245)
   defining Unicode char U+00F6 (decimal 246)
   defining Unicode char U+00F8 (decimal 248)
   defining Unicode char U+00F9 (decimal 249)
   defining Unicode char U+00FA (decimal 250)
   defining Unicode char U+00FB (decimal 251)
   defining Unicode char U+00FC (decimal 252)
   defining Unicode char U+00FD (decimal 253)
   defining Unicode char U+00FE (decimal 254)
   defining Unicode char U+00FF (decimal 255)
   defining Unicode char U+0102 (decimal 258)
   defining Unicode char U+0103 (decimal 259)
   defining Unicode char U+0104 (decimal 260)
   defining Unicode char U+0105 (decimal 261)
   defining Unicode char U+0106 (decimal 262)
   defining Unicode char U+0107 (decimal 263)
   defining Unicode char U+010C (decimal 268)
   defining Unicode char U+010D (decimal 269)
   defining Unicode char U+010E (decimal 270)
   defining Unicode char U+010F (decimal 271)
   defining Unicode char U+0110 (decimal 272)
   defining Unicode char U+0111 (decimal 273)
   defining Unicode char U+0118 (decimal 280)
   defining Unicode char U+0119 (decimal 281)
   defining Unicode char U+011A (decimal 282)
   defining Unicode char U+011B (decimal 283)
   defining Unicode char U+011E (decimal 286)
   defining Unicode char U+011F (decimal 287)
   defining Unicode char U+0130 (decimal 304)
   defining Unicode char U+0131 (decimal 305)
   defining Unicode char U+0132 (decimal 306)
   defining Unicode char U+0133 (decimal 307)
   defining Unicode char U+0139 (decimal 313)
   defining Unicode char U+013A (decimal 314)
   defining Unicode char U+013D (decimal 317)
   defining Unicode char U+013E (decimal 318)
   defining Unicode char U+0141 (decimal 321)
   defining Unicode char U+0142 (decimal 322)
   defining Unicode char U+0143 (decimal 323)
   defining Unicode char U+0144 (decimal 324)
   defining Unicode char U+0147 (decimal 327)
   defining Unicode char U+0148 (decimal 328)
   defining Unicode char U+014A (decimal 330)
   defining Unicode char U+014B (decimal 331)
   defining Unicode char U+0150 (decimal 336)
   defining Unicode char U+0151 (decimal 337)
   defining Unicode char U+0152 (decimal 338)
   defining Unicode char U+0153 (decimal 339)
   defining Unicode char U+0154 (decimal 340)
   defining Unicode char U+0155 (decimal 341)
   defining Unicode char U+0158 (decimal 344)
   defining Unicode char U+0159 (decimal 345)
   defining Unicode char U+015A (decimal 346)
   defining Unicode char U+015B (decimal 347)
   defining Unicode char U+015E (decimal 350)
   defining Unicode char U+015F (decimal 351)
   defining Unicode char U+0160 (decimal 352)
   defining Unicode char U+0161 (decimal 353)
   defining Unicode char U+0162 (decimal 354)
   defining Unicode char U+0163 (decimal 355)
   defining Unicode char U+0164 (decimal 356)
   defining Unicode char U+0165 (decimal 357)
   defining Unicode char U+016E (decimal 366)
   defining Unicode char U+016F (decimal 367)
   defining Unicode char U+0170 (decimal 368)
   defining Unicode char U+0171 (decimal 369)
   defining Unicode char U+0178 (decimal 376)
   defining Unicode char U+0179 (decimal 377)
   defining Unicode char U+017A (decimal 378)
   defining Unicode char U+017B (decimal 379)
   defining Unicode char U+017C (decimal 380)
   defining Unicode char U+017D (decimal 381)
   defining Unicode char U+017E (decimal 382)
   defining Unicode char U+200C (decimal 8204)
   defining Unicode char U+2013 (decimal 8211)
   defining Unicode char U+2014 (decimal 8212)
   defining Unicode char U+2018 (decimal 8216)
   defining Unicode char U+2019 (decimal 8217)
   defining Unicode char U+201A (decimal 8218)
   defining Unicode char U+201C (decimal 8220)
   defining Unicode char U+201D (decimal 8221)
   defining Unicode char U+201E (decimal 8222)
   defining Unicode char U+2030 (decimal 8240)
   defining Unicode char U+2031 (decimal 8241)
   defining Unicode char U+2039 (decimal 8249)
   defining Unicode char U+203A (decimal 8250)
   defining Unicode char U+2423 (decimal 9251)
)
Now handling font encoding OT1 ...
... processing UTF-8 mapping file for font encoding OT1

(/usr/share/texlive/texmf-dist/tex/latex/base/ot1enc.dfu
File: ot1enc.dfu 2008/04/05 v1.1m UTF-8 support for inputenc
   defining Unicode char U+00A1 (decimal 161)
   defining Unicode char U+00A3 (decimal 163)
   defining Unicode char U+00B8 (decimal 184)
   defining Unicode char U+00BF (decimal 191)
   defining Unicode char U+00C5 (decimal 197)
   defining Unicode char U+00C6 (decimal 198)
   defining Unicode char U+00D8 (decimal 216)
   defining Unicode char U+00DF (decimal 223)
   defining Unicode char U+00E6 (decimal 230)
   defining Unicode char U+00EC (decimal 236)
   defining Unicode char U+00ED (decimal 237)
   defining Unicode char U+00EE (decimal 238)
   defining Unicode char U+00EF (decimal 239)
   defining Unicode char U+00F8 (decimal 248)
   defining Unicode char U+0131 (decimal 305)
   defining Unicode char U+0141 (decimal 321)
   defining Unicode char U+0142 (decimal 322)
   defining Unicode char U+0152 (decimal 338)
   defining Unicode char U+0153 (decimal 339)
   defining Unicode char U+2013 (decimal 8211)
   defining Unicode char U+2014 (decimal 8212)
   defining Unicode char U+2018 (decimal 8216)
   defining Unicode char U+2019 (decimal 8217)
   defining Unicode char U+201C (decimal 8220)
   defining Unicode char U+201D (decimal 8221)
)
Now handling font encoding OMS ...
... processing UTF-8 mapping file for font encoding OMS

(/usr/share/texlive/texmf-dist/tex/latex/base/omsenc.dfu
File: omsenc.dfu 2008/04/05 v1.1m UTF-8 support for inputenc
   defining Unicode char U+00A7 (decimal 167)
   defining Unicode char U+00B6 (decimal 182)
   defining Unicode char U+00B7 (decimal 183)
   defining Unicode char U+2020 (decimal 8224)
   defining Unicode char U+2021 (decimal 8225)
   defining Unicode char U+2022 (decimal 8226)
)
Now handling font encoding OMX ...
... no UTF-8 mapping file for font encoding OMX
Now handling font encoding U ...
... no UTF-8 mapping file for font encoding U
   defining Unicode char U+00A9 (decimal 169)
   defining Unicode char U+00AA (decimal 170)
   defining Unicode char U+00AE (decimal 174)
   defining Unicode char U+00BA (decimal 186)
   defining Unicode char U+02C6 (decimal 710)
   defining Unicode char U+02DC (decimal 732)
   defining Unicode char U+200C (decimal 8204)
   defining Unicode char U+2026 (decimal 8230)
   defining Unicode char U+2122 (decimal 8482)
   defining Unicode char U+2423 (decimal 9251)
))
(/usr/share/texlive/texmf-dist/tex/generic/babel/babel.sty
Package: babel 2013/12/03 3.9h The Babel package

(/usr/share/texlive/texmf-dist/tex/generic/babel-german/ngermanb.ldf
Language: ngermanb 2013/12/13 v2.7 German support for babel (new orthography)

(/usr/share/texlive/texmf-dist/tex/generic/babel/babel.def
File: babel.def 2013/12/03 3.9h Babel common definitions
\babel@savecnt=\count88
\U@D=\dimen103
)
\l@naustrian = a dialect from \language\l@ngerman 
\l@nswissgerman = a dialect from \language\l@ngerman 
Package babel Info: Making " an active character on input line 88.
))
(/usr/share/texlive/texmf-dist/tex/latex/base/makeidx.sty
Package: makeidx 2000/03/29 v1.0m Standard LaTeX package
)
(/usr/share/texlive/texmf-dist/tex/latex/hyperref/hyperref.sty
Package: hyperref 2012/11/06 v6.83m Hypertext links for LaTeX

(/usr/share/texlive/texmf-dist/tex/generic/oberdiek/hobsub-hyperref.sty
Package: hobsub-hyperref 2012/05/28 v1.13 Bundle oberdiek, subset hyperref (HO)


(/usr/share/texlive/texmf-dist/tex/generic/oberdiek/hobsub-generic.sty
Package: hobsub-generic 2012/05/28 v1.13 Bundle oberdiek, subset generic (HO)
Package: hobsub 2012/05/28 v1.13 Construct package bundles (HO)
Package: infwarerr 2010/04/08 v1.3 Providing info/warning/error messages (HO)
Package: ltxcmds 2011/11/09 v1.22 LaTeX kernel commands for general use (HO)
Package: ifluatex 2010/03/01 v1.3 Provides the ifluatex switch (HO)
Package ifluatex Info: LuaTeX not detected.
Package: ifvtex 2010/03/01 v1.5 Detect VTeX and its facilities (HO)
Package ifvtex Info: VTeX not detected.
Package: intcalc 2007/09/27 v1.1 Expandable calculations with integers (HO)
Package: ifpdf 2011/01/30 v2.3 Provides the ifpdf switch (HO)
Package ifpdf Info: pdfTeX in PDF mode is detected.
Package: etexcmds 2011/02/16 v1.5 Avoid name clashes with e-TeX commands (HO)
Package etexcmds Info: Could not find \expanded.
(etexcmds)             That can mean that you are not using pdfTeX 1.50 or
(etexcmds)             that some package has redefined \expanded.
(etexcmds)             In the latter case, load this package earlier.
Package: kvsetkeys 2012/04/25 v1.16 Key value parser (HO)
Package: kvdefinekeys 2011/04/07 v1.3 Define keys (HO)
Package: pdftexcmds 2011/11/29 v0.20 Utility functions of pdfTeX for LuaTeX (HO
)
Package pdftexcmds Info: LuaTeX not detected.
Package pdftexcmds Info: \pdf@primitive is available.
Package pdftexcmds Info: \pdf@ifprimitive is available.
Package pdftexcmds Info: \pdfdraftmode found.
Package: pdfescape 2011/11/25 v1.13 Implements pdfTeX's escape features (HO)
Package: bigintcalc 2012/04/08 v1.3 Expandable calculations on big integers (HO
)
Package: bitset 2011/01/30 v1.1 Handle bit-vector datatype (HO)
Package: uniquecounter 2011/01/30 v1.2 Provide unlimited unique counter (HO)
)
Package hobsub Info: Skipping package `hobsub' (already loaded).
Package: letltxmacro 2010/09/02 v1.4 Let assignment for LaTeX macros (HO)
Package: hopatch 2012/05/28 v1.2 Wrapper for package hooks (HO)
Package: xcolor-patch 2011/01/30 xcolor patch
Package: atveryend 2011/06/30 v1.8 Hooks at the very end of document (HO)
Package atveryend Info: \enddocument detected (standard20110627).
Package: atbegshi 2011/10/05 v1.16 At begin shipout hook (HO)
Package: refcount 2011/10/16 v3.4 Data extraction from label references (HO)
Package: hycolor 2011/01/30 v1.7 Color options for hyperref/bookmark (HO)
)
(/usr/share/texlive/texmf-dist/tex/latex/graphics/keyval.sty
Package: keyval 1999/03/16 v1.13 key=value parser (DPC)
\KV@toks@=\toks16
)
(/usr/share/texlive/texmf-dist/tex/generic/ifxetex/ifxetex.sty
Package: ifxetex 2010/09/12 v0.6 Provides ifxetex conditional
)
(/usr/share/texlive/texmf-dist/tex/latex/oberdiek/auxhook.sty
Package: auxhook 2011/03/04 v1.3 Hooks for auxiliary files (HO)
)
(/usr/share/texlive/texmf-dist/tex/latex/oberdiek/kvoptions.sty
Package: kvoptions 2011/06/30 v3.11 Key value format for package options (HO)
)
\@linkdim=\dimen104
\Hy@linkcounter=\count89
\Hy@pagecounter=\count90

(/usr/share/texlive/texmf-dist/tex/latex/hyperref/pd1enc.def
File: pd1enc.def 2012/11/06 v6.83m Hyperref: PDFDocEncoding definition (HO)
Now handling font encoding PD1 ...
... no UTF-8 mapping file for font encoding PD1
)
\Hy@SavedSpaceFactor=\count91

(/usr/share/texlive/texmf-dist/tex/latex/latexconfig/hyperref.cfg
File: hyperref.cfg 2002/06/06 v1.2 hyperref configuration of TeXLive
)
Package hyperref Info: Hyper figures OFF on input line 4443.
Package hyperref Info: Link nesting OFF on input line 4448.
Package hyperref Info: Hyper index ON on input line 4451.
Package hyperref Info: Plain pages OFF on input line 4458.
Package hyperref Info: Backreferencing OFF on input line 4463.
Package hyperref Info: Implicit mode ON; LaTeX internals redefined.
Package hyperref Info: Bookmarks ON on input line 4688.
\c@Hy@tempcnt=\count92

(/usr/share/texlive/texmf-dist/tex/latex/url/url.sty
\Urlmuskip=\muskip10
Package: url 2013/09/16  ver 3.4  Verb mode for urls, etc.
)
LaTeX Info: Redefining \url on input line 5041.
\XeTeXLinkMargin=\dimen105
\Fld@menulength=\count93
\Field@Width=\dimen106
\Fld@charsize=\dimen107
Package hyperref Info: Hyper figures OFF on input line 6295.
Package hyperref Info: Link nesting OFF on input line 6300.
Package hyperref Info: Hyper index ON on input line 6303.
Package hyperref Info: backreferencing OFF on input line 6310.
Package hyperref Info: Link coloring OFF on input line 6315.
Package hyperref Info: Link coloring with OCG OFF on input line 6320.
Package hyperref Info: PDF/A mode OFF on input line 6325.
LaTeX Info: Redefining \ref on input line 6365.
LaTeX Info: Redefining \pageref on input line 6369.
\Hy@abspage=\count94
\c@Item=\count95
\c@Hfootnote=\count96
)

Package hyperref Message: Driver (autodetected): hpdftex.

(/usr/share/texlive/texmf-dist/tex/latex/hyperref/hpdftex.def
File: hpdftex.def 2012/11/06 v6.83m Hyperref driver for pdfTeX
\Fld@listcount=\count97
\c@bookmark@seq@number=\count98

(/usr/share/texlive/texmf-dist/tex/latex/oberdiek/rerunfilecheck.sty
Package: rerunfilecheck 2011/04/15 v1.7 Rerun checks for auxiliary files (HO)
Package uniquecounter Info: New unique counter `rerunfilecheck' on input line 2
82.
)
\Hy@SectionHShift=\skip43
)
(/usr/share/texlive/texmf-dist/tex/latex/tools/tabularx.sty
Package: tabularx 1999/01/07 v2.07 `tabularx' package (DPC)

(/usr/share/texlive/texmf-dist/tex/latex/tools/array.sty
Package: array 2008/09/09 v2.4c Tabular extension package (FMi)
\col@sep=\dimen108
\extrarowheight=\dimen109
\NC@list=\toks17
\extratabsurround=\skip44
\backup@length=\skip45
)
\TX@col@width=\dimen110
\TX@old@table=\dimen111
\TX@old@col=\dimen112
\TX@target=\dimen113
\TX@delta=\dimen114
\TX@cols=\count99
\TX@ftn=\toks18
)
(/usr/share/texlive/texmf-dist/tex/latex/graphics/graphicx.sty
Package: graphicx 1999/02/16 v1.0f Enhanced LaTeX Graphics (DPC,SPQR)

(/usr/share/texlive/texmf-dist/tex/latex/graphics/graphics.sty
Package: graphics 2009/02/05 v1.0o Standard LaTeX Graphics (DPC,SPQR)

(/usr/share/texlive/texmf-dist/tex/latex/graphics/trig.sty
Package: trig 1999/03/16 v1.09 sin cos tan (DPC)
)
(/usr/share/texlive/texmf-dist/tex/latex/latexconfig/graphics.cfg
File: graphics.cfg 2010/04/23 v1.9 graphics configuration of TeX Live
)
Package graphics Info: Driver file: pdftex.def on input line 91.

(/usr/share/texlive/texmf-dist/tex/latex/pdftex-def/pdftex.def
File: pdftex.def 2011/05/27 v0.06d Graphics/color for pdfTeX
\Gread@gobject=\count100
))
\Gin@req@height=\dimen115
\Gin@req@width=\dimen116
)
(/usr/share/texlive/texmf-dist/tex/latex/geometry/geometry.sty
Package: geometry 2010/09/12 v5.6 Page Geometry
\Gm@cnth=\count101
\Gm@cntv=\count102
\c@Gm@tempcnt=\count103
\Gm@bindingoffset=\dimen117
\Gm@wd@mp=\dimen118
\Gm@odd@mp=\dimen119
\Gm@even@mp=\dimen120
\Gm@layoutwidth=\dimen121
\Gm@layoutheight=\dimen122
\Gm@layouthoffset=\dimen123
\Gm@layoutvoffset=\dimen124
\Gm@dimlist=\toks19
)
(/usr/share/texlive/texmf-dist/tex/latex/oberdiek/pdflscape.sty
Package: pdflscape 2008/08/11 v0.10 Display of landscape pages in PDF (HO)

(/usr/share/texlive/texmf-dist/tex/latex/graphics/lscape.sty
Package: lscape 2000/10/22 v3.01 Landscape Pages (DPC)
)
Package pdflscape Info: Auto-detected driver: pdftex on input line 80.
)
(/usr/share/texlive/texmf-dist/tex/latex/pdfpages/pdfpages.sty
Package: pdfpages 2013/08/25 v0.4v Insert pages of external PDF documents (AM)

(/usr/share/texlive/texmf-dist/tex/latex/base/ifthen.sty
Package: ifthen 2001/05/26 v1.1c Standard LaTeX ifthen package (DPC)
)
(/usr/share/texlive/texmf-dist/tex/latex/tools/calc.sty
Package: calc 2007/08/22 v4.3 Infix arithmetic (KKT,FJ)
\calc@Acount=\count104
\calc@Bcount=\count105
\calc@Adimen=\dimen125
\calc@Bdimen=\dimen126
\calc@Askip=\skip46
\calc@Bskip=\skip47
LaTeX Info: Redefining \setlength on input line 76.
LaTeX Info: Redefining \addtolength on input line 77.
\calc@Ccount=\count106
\calc@Cskip=\skip48
)
(/usr/share/texlive/texmf-dist/tex/latex/eso-pic/eso-pic.sty
Package: eso-pic 2013/10/06 v2.0d eso-pic (RN)

(/usr/share/texmf/tex/latex/xcolor/xcolor.sty
Package: xcolor 2007/01/21 v2.11 LaTeX color extensions (UK)

(/usr/share/texlive/texmf-dist/tex/latex/latexconfig/color.cfg
File: color.cfg 2007/01/18 v1.5 color configuration of teTeX/TeXLive
)
Package xcolor Info: Driver file: pdftex.def on input line 225.
Package xcolor Info: Model `cmy' substituted by `cmy0' on input line 1337.
Package xcolor Info: Model `hsb' substituted by `rgb' on input line 1341.
Package xcolor Info: Model `RGB' extended on input line 1353.
Package xcolor Info: Model `HTML' substituted by `rgb' on input line 1355.
Package xcolor Info: Model `Hsb' substituted by `hsb' on input line 1356.
Package xcolor Info: Model `tHsb' substituted by `hsb' on input line 1357.
Package xcolor Info: Model `HSB' substituted by `hsb' on input line 1358.
Package xcolor Info: Model `Gray' substituted by `gray' on input line 1359.
Package xcolor Info: Model `wave' substituted by `hsb' on input line 1360.
))
(/usr/share/texlive/texmf-dist/tex/latex/pdfpages/pppdftex.def
File: pppdftex.def 2013/08/25 v0.4v Pdfpages driver for pdfTeX (AM)
)
\AM@pagebox=\box26
\AM@toc@title=\toks20
\c@AM@survey=\count107
\AM@templatesizebox=\box27
)
(/usr/share/texlive/texmf-dist/tex/latex/fancyhdr/fancyhdr.sty
\fancy@headwidth=\skip49
\f@ncyO@elh=\skip50
\f@ncyO@erh=\skip51
\f@ncyO@olh=\skip52
\f@ncyO@orh=\skip53
\f@ncyO@elf=\skip54
\f@ncyO@erf=\skip55
\f@ncyO@olf=\skip56
\f@ncyO@orf=\skip57
)
(/usr/share/texlive/texmf-dist/tex/latex/comment/comment.sty
\CommentStream=\write3

Excluding comment 'comment')
(/usr/share/texlive/texmf-dist/tex/latex/caption/caption.sty
Package: caption 2013/05/02 v3.3-89 Customizing captions (AR)

(/usr/share/texlive/texmf-dist/tex/latex/caption/caption3.sty
Package: caption3 2013/05/02 v1.6-88 caption3 kernel (AR)
Package caption3 Info: TeX engine: e-TeX on input line 57.
\captionmargin=\dimen127
\captionmargin@=\dimen128
\captionwidth=\dimen129
\caption@tempdima=\dimen130
\caption@indent=\dimen131
\caption@parindent=\dimen132
\caption@hangindent=\dimen133
)
\c@ContinuedFloat=\count108
Package caption Info: hyperref package is loaded.
)
(/usr/share/texlive/texmf-dist/tex/latex/listings/listings.sty
\lst@mode=\count109
\lst@gtempboxa=\box28
\lst@token=\toks21
\lst@length=\count110
\lst@currlwidth=\dimen134
\lst@column=\count111
\lst@pos=\count112
\lst@lostspace=\dimen135
\lst@width=\dimen136
\lst@newlines=\count113
\lst@lineno=\count114
\lst@maxwidth=\dimen137

(/usr/share/texlive/texmf-dist/tex/latex/listings/lstmisc.sty
File: lstmisc.sty 2013/08/26 1.5b (Carsten Heinz)
\c@lstnumber=\count115
\lst@skipnumbers=\count116
\lst@framebox=\box29
)
(/usr/share/texlive/texmf-dist/tex/latex/listings/listings.cfg
File: listings.cfg 2013/08/26 1.5b listings configuration
))
Package: listings 2013/08/26 1.5b (Carsten Heinz)
Package hyperref Info: Option `colorlinks' set `false' on input line 27.
 (./main.aux)
\openout1 = `main.aux'.

LaTeX Font Info:    Checking defaults for OML/cmm/m/it on input line 79.
LaTeX Font Info:    ... okay on input line 79.
LaTeX Font Info:    Checking defaults for T1/cmr/m/n on input line 79.
LaTeX Font Info:    ... okay on input line 79.
LaTeX Font Info:    Checking defaults for OT1/cmr/m/n on input line 79.
LaTeX Font Info:    ... okay on input line 79.
LaTeX Font Info:    Checking defaults for OMS/cmsy/m/n on input line 79.
LaTeX Font Info:    ... okay on input line 79.
LaTeX Font Info:    Checking defaults for OMX/cmex/m/n on input line 79.
LaTeX Font Info:    ... okay on input line 79.
LaTeX Font Info:    Checking defaults for U/cmr/m/n on input line 79.
LaTeX Font Info:    ... okay on input line 79.
LaTeX Font Info:    Checking defaults for PD1/pdf/m/n on input line 79.
LaTeX Font Info:    ... okay on input line 79.
\AtBeginShipoutBox=\box30
Package hyperref Info: Link coloring OFF on input line 79.

(/usr/share/texlive/texmf-dist/tex/latex/hyperref/nameref.sty
Package: nameref 2012/10/27 v2.43 Cross-referencing by name of section

(/usr/share/texlive/texmf-dist/tex/generic/oberdiek/gettitlestring.sty
Package: gettitlestring 2010/12/03 v1.4 Cleanup title references (HO)
)
\c@section@level=\count117
)
LaTeX Info: Redefining \ref on input line 79.
LaTeX Info: Redefining \pageref on input line 79.
LaTeX Info: Redefining \nameref on input line 79.

(./main.out) (./main.out)
\@outlinefile=\write4
\openout4 = `main.out'.


(/usr/share/texlive/texmf-dist/tex/context/base/supp-pdf.mkii
[Loading MPS to PDF converter (version 2006.09.02).]
\scratchcounter=\count118
\scratchdimen=\dimen138
\scratchbox=\box31
\nofMPsegments=\count119
\nofMParguments=\count120
\everyMPshowfont=\toks22
\MPscratchCnt=\count121
\MPscratchDim=\dimen139
\MPnumerator=\count122
\makeMPintoPDFobject=\count123
\everyMPtoPDFconversion=\toks23
) (/usr/share/texlive/texmf-dist/tex/latex/oberdiek/epstopdf-base.sty
Package: epstopdf-base 2010/02/09 v2.5 Base part for package epstopdf

(/usr/share/texlive/texmf-dist/tex/latex/oberdiek/grfext.sty
Package: grfext 2010/08/19 v1.1 Manage graphics extensions (HO)
)
Package grfext Info: Graphics extension search list:
(grfext)             [.png,.pdf,.jpg,.mps,.jpeg,.jbig2,.jb2,.PNG,.PDF,.JPG,.JPE
G,.JBIG2,.JB2,.eps]
(grfext)             \AppendGraphicsExtensions on input line 452.

(/usr/share/texlive/texmf-dist/tex/latex/latexconfig/epstopdf-sys.cfg
File: epstopdf-sys.cfg 2010/07/13 v1.3 Configuration of (r)epstopdf for TeX Liv
e
))
*geometry* driver: auto-detecting
*geometry* detected driver: pdftex
*geometry* verbose mode - [ preamble ] result:
* driver: pdftex
* paper: a4paper
* layout: <same size as paper>
* layoutoffset:(h,v)=(0.0pt,0.0pt)
* modes: 
* h-part:(L,W,R)=(89.62709pt, 418.25368pt, 89.6271pt)
* v-part:(T,H,B)=(101.40665pt, 591.5302pt, 152.11pt)
* \paperwidth=597.50787pt
* \paperheight=845.04684pt
* \textwidth=418.25368pt
* \textheight=591.5302pt
* \oddsidemargin=17.3571pt
* \evensidemargin=17.3571pt
* \topmargin=-7.86334pt
* \headheight=13.6pt
* \headsep=25.0pt
* \topskip=11.0pt
* \footskip=30.0pt
* \marginparwidth=50.0pt
* \marginparsep=10.0pt
* \columnsep=10.0pt
* \skip\footins=10.0pt plus 4.0pt minus 2.0pt
* \hoffset=0.0pt
* \voffset=0.0pt
* \mag=1000
* \@twocolumnfalse
* \@twosidefalse
* \@mparswitchfalse
* \@reversemarginfalse
* (1in=72.27pt=25.4mm, 1cm=28.453pt)

Package caption Info: Begin \AtBeginDocument code.
Package caption Info: listings package is loaded.
Package caption Info: End \AtBeginDocument code.
\c@lstlisting=\count124
LaTeX Font Info:    External font `cmex10' loaded for size
(Font)              <10.95> on input line 91.
LaTeX Font Info:    External font `cmex10' loaded for size
(Font)              <8> on input line 91.
LaTeX Font Info:    External font `cmex10' loaded for size
(Font)              <6> on input line 91.
Package babel Info: Redefining ngerman shorthand "|
(babel)             in language append on input line 102.
Package babel Info: Redefining ngerman shorthand "~
(babel)             in language append on input line 102.
Package babel Info: Redefining ngerman shorthand "|
(babel)             in language append on input line 102.
Package babel Info: Redefining ngerman shorthand "~
(babel)             in language append on input line 102.
[1

{/var/lib/texmf/fonts/map/pdftex/updmap/pdftex.map}]
Package babel Info: Redefining ngerman shorthand "|
(babel)             in language append on input line 103.
Package babel Info: Redefining ngerman shorthand "~
(babel)             in language append on input line 103.

(./preface/dokumentinformationen.tex
Package babel Info: Redefining ngerman shorthand "|
(babel)             in language append on input line 1.
Package babel Info: Redefining ngerman shorthand "~
(babel)             in language append on input line 1.
Package babel Info: Redefining ngerman shorthand "|
(babel)             in language append on input line 9.
Package babel Info: Redefining ngerman shorthand "~
(babel)             in language append on input line 9.
LaTeX Font Info:    Try loading font information for OMS+cmr on input line 11.

(/usr/share/texlive/texmf-dist/tex/latex/base/omscmr.fd
File: omscmr.fd 1999/05/25 v2.5h Standard LaTeX font definitions
)
LaTeX Font Info:    Font shape `OMS/cmr/m/n' in size <10.95> not available
(Font)              Font shape `OMS/cmsy/m/n' tried instead on input line 11.
Package babel Info: Redefining ngerman shorthand "|
(babel)             in language append on input line 17.
Package babel Info: Redefining ngerman shorthand "~
(babel)             in language append on input line 17.
)
Package babel Info: Redefining ngerman shorthand "|
(babel)             in language append on input line 107.
Package babel Info: Redefining ngerman shorthand "~
(babel)             in language append on input line 107.
Package babel Info: Redefining ngerman shorthand "|
(babel)             in language append on input line 107.
Package babel Info: Redefining ngerman shorthand "~
(babel)             in language append on input line 107.
pdfTeX warning (ext4): destination with the same identifier (name{page.1}) has 
been already used, duplicate ignored
<to be read again> 
                   \relax 
l.107 \tableofcontents
                       [1] (./main.toc
Package babel Info: Redefining ngerman shorthand "|
(babel)             in language append on input line 32.
Package babel Info: Redefining ngerman shorthand "~
(babel)             in language append on input line 32.
Package babel Info: Redefining ngerman shorthand "|
(babel)             in language append on input line 32.
Package babel Info: Redefining ngerman shorthand "~
(babel)             in language append on input line 32.
 [2

]
Package babel Info: Redefining ngerman shorthand "|
(babel)             in language append on input line 73.
Package babel Info: Redefining ngerman shorthand "~
(babel)             in language append on input line 73.
Package babel Info: Redefining ngerman shorthand "|
(babel)             in language append on input line 73.
Package babel Info: Redefining ngerman shorthand "~
(babel)             in language append on input line 73.
 [3])
\tf@toc=\write5
\openout5 = `main.toc'.

Package babel Info: Redefining ngerman shorthand "|
(babel)             in language append on input line 108.
Package babel Info: Redefining ngerman shorthand "~
(babel)             in language append on input line 108.
Package babel Info: Redefining ngerman shorthand "|
(babel)             in language append on input line 108.
Package babel Info: Redefining ngerman shorthand "~
(babel)             in language append on input line 108.
 [4] (./main.lol)
\tf@lol=\write6
\openout6 = `main.lol'.

Package babel Info: Redefining ngerman shorthand "|
(babel)             in language append on input line 109.
Package babel Info: Redefining ngerman shorthand "~
(babel)             in language append on input line 109.
Package babel Info: Redefining ngerman shorthand "|
(babel)             in language append on input line 109.
Package babel Info: Redefining ngerman shorthand "~
(babel)             in language append on input line 109.
 [5

]
(./main.lof)
\tf@lof=\write7
\openout7 = `main.lof'.

Package babel Info: Redefining ngerman shorthand "|
(babel)             in language append on input line 110.
Package babel Info: Redefining ngerman shorthand "~
(babel)             in language append on input line 110.
Package babel Info: Redefining ngerman shorthand "|
(babel)             in language append on input line 110.
Package babel Info: Redefining ngerman shorthand "~
(babel)             in language append on input line 110.
 [6

] (./main.lot)
\tf@lot=\write8
\openout8 = `main.lot'.

Package babel Info: Redefining ngerman shorthand "|
(babel)             in language append on input line 111.
Package babel Info: Redefining ngerman shorthand "~
(babel)             in language append on input line 111.
Package babel Info: Redefining ngerman shorthand "|
(babel)             in language append on input line 111.
Package babel Info: Redefining ngerman shorthand "~
(babel)             in language append on input line 111.
 [7

]
Package babel Info: Redefining ngerman shorthand "|
(babel)             in language append on input line 111.
Package babel Info: Redefining ngerman shorthand "~
(babel)             in language append on input line 111.
Package babel Info: Redefining ngerman shorthand "|
(babel)             in language append on input line 111.
Package babel Info: Redefining ngerman shorthand "~
(babel)             in language append on input line 111.
Package babel Info: Redefining ngerman shorthand "|
(babel)             in language append on input line 111.
Package babel Info: Redefining ngerman shorthand "~
(babel)             in language append on input line 111.
 [8

] (./part1.tex
(./part1/01_aufgabenstellung.tex
Kapitel 1.
Package babel Info: Redefining ngerman shorthand "|
(babel)             in language append on input line 1.
Package babel Info: Redefining ngerman shorthand "~
(babel)             in language append on input line 1.
Package babel Info: Redefining ngerman shorthand "|
(babel)             in language append on input line 2.
Package babel Info: Redefining ngerman shorthand "~
(babel)             in language append on input line 2.
Package babel Info: Redefining ngerman shorthand "|
(babel)             in language append on input line 3.
Package babel Info: Redefining ngerman shorthand "~
(babel)             in language append on input line 3.
Package babel Info: Redefining ngerman shorthand "|
(babel)             in language append on input line 4.
Package babel Info: Redefining ngerman shorthand "~
(babel)             in language append on input line 4.
Package babel Info: Redefining ngerman shorthand "|
(babel)             in language append on input line 5.
Package babel Info: Redefining ngerman shorthand "~
(babel)             in language append on input line 5.
Package babel Info: Redefining ngerman shorthand "|
(babel)             in language append on input line 6.
Package babel Info: Redefining ngerman shorthand "~
(babel)             in language append on input line 6.
) (./part1/02_vorkenntnisse.tex
Package babel Info: Redefining ngerman shorthand "|
(babel)             in language append on input line 1.
Package babel Info: Redefining ngerman shorthand "~
(babel)             in language append on input line 1.
Package babel Info: Redefining ngerman shorthand "|
(babel)             in language append on input line 1.
Package babel Info: Redefining ngerman shorthand "~
(babel)             in language append on input line 1.
 [9

]
Kapitel 2.
Package babel Info: Redefining ngerman shorthand "|
(babel)             in language append on input line 1.
Package babel Info: Redefining ngerman shorthand "~
(babel)             in language append on input line 1.
) (./part1/03_vorarbeiten.tex
Package babel Info: Redefining ngerman shorthand "|
(babel)             in language append on input line 1.
Package babel Info: Redefining ngerman shorthand "~
(babel)             in language append on input line 1.
Package babel Info: Redefining ngerman shorthand "|
(babel)             in language append on input line 1.
Package babel Info: Redefining ngerman shorthand "~
(babel)             in language append on input line 1.
 [10

]
Kapitel 3.
Package babel Info: Redefining ngerman shorthand "|
(babel)             in language append on input line 1.
Package babel Info: Redefining ngerman shorthand "~
(babel)             in language append on input line 1.
) (./part1/04_firmenstandards.tex
Package babel Info: Redefining ngerman shorthand "|
(babel)             in language append on input line 1.
Package babel Info: Redefining ngerman shorthand "~
(babel)             in language append on input line 1.
Package babel Info: Redefining ngerman shorthand "|
(babel)             in language append on input line 1.
Package babel Info: Redefining ngerman shorthand "~
(babel)             in language append on input line 1.
 [11

]
Kapitel 4.
Package babel Info: Redefining ngerman shorthand "|
(babel)             in language append on input line 1.
Package babel Info: Redefining ngerman shorthand "~
(babel)             in language append on input line 1.
(/usr/share/texlive/texmf-dist/tex/latex/listings/lstlang1.sty
File: lstlang1.sty 2013/08/26 1.5b listings language file
)
(/usr/share/texlive/texmf-dist/tex/latex/listings/lstlang1.sty
File: lstlang1.sty 2013/08/26 1.5b listings language file
)
Package hyperref Info: bookmark level for unknown lstlisting defaults to 0 on i
nput line 2.

Overfull \hbox (6.0pt too wide) in paragraph at lines 2--2
[][][][][][][] 
 []

Package babel Info: Redefining ngerman shorthand "|
(babel)             in language append on input line 6.
Package babel Info: Redefining ngerman shorthand "~
(babel)             in language append on input line 6.
Package babel Info: Redefining ngerman shorthand "|
(babel)             in language append on input line 7.
Package babel Info: Redefining ngerman shorthand "~
(babel)             in language append on input line 7.
Package babel Info: Redefining ngerman shorthand "|
(babel)             in language append on input line 8.
Package babel Info: Redefining ngerman shorthand "~
(babel)             in language append on input line 8.
Package babel Info: Redefining ngerman shorthand "|
(babel)             in language append on input line 9.
Package babel Info: Redefining ngerman shorthand "~
(babel)             in language append on input line 9.
) (./part1/05_organisationderipa.tex
Package babel Info: Redefining ngerman shorthand "|
(babel)             in language append on input line 1.
Package babel Info: Redefining ngerman shorthand "~
(babel)             in language append on input line 1.
Package babel Info: Redefining ngerman shorthand "|
(babel)             in language append on input line 1.
Package babel Info: Redefining ngerman shorthand "~
(babel)             in language append on input line 1.
 [12

]
Kapitel 5.
Package babel Info: Redefining ngerman shorthand "|
(babel)             in language append on input line 1.
Package babel Info: Redefining ngerman shorthand "~
(babel)             in language append on input line 1.
Package babel Info: Redefining ngerman shorthand "|
(babel)             in language append on input line 2.
Package babel Info: Redefining ngerman shorthand "~
(babel)             in language append on input line 2.
) (./part1/06_zeitplan.tex
Package babel Info: Redefining ngerman shorthand "|
(babel)             in language append on input line 1.
Package babel Info: Redefining ngerman shorthand "~
(babel)             in language append on input line 1.
Package babel Info: Redefining ngerman shorthand "|
(babel)             in language append on input line 1.
Package babel Info: Redefining ngerman shorthand "~
(babel)             in language append on input line 1.
 [13

]
Kapitel 6.
Package babel Info: Redefining ngerman shorthand "|
(babel)             in language append on input line 1.
Package babel Info: Redefining ngerman shorthand "~
(babel)             in language append on input line 1.
Package babel Info: Redefining ngerman shorthand "|
(babel)             in language append on input line 2.
Package babel Info: Redefining ngerman shorthand "~
(babel)             in language append on input line 2.
Package babel Info: Redefining ngerman shorthand "|
(babel)             in language append on input line 2.
Package babel Info: Redefining ngerman shorthand "~
(babel)             in language append on input line 2.
[14

]) (./part1/07_arbeitsjournal.tex
Kapitel 7.
Package babel Info: Redefining ngerman shorthand "|
(babel)             in language append on input line 1.
Package babel Info: Redefining ngerman shorthand "~
(babel)             in language append on input line 1.
(./journal/tag1.tex
Package babel Info: Redefining ngerman shorthand "|
(babel)             in language append on input line 1.
Package babel Info: Redefining ngerman shorthand "~
(babel)             in language append on input line 1.

Underfull \hbox (badness 10000) in paragraph at lines 12--12
[]|\OT1/cmr/bx/n/10.95 Aufwand
 []


Underfull \hbox (badness 10000) in paragraph at lines 12--12
\OT1/cmr/bx/n/10.95 ge-plant
 []


Underfull \hbox (badness 10000) in paragraph at lines 12--12
[]|\OT1/cmr/bx/n/10.95 Aufwand
 []


Underfull \hbox (badness 10000) in paragraph at lines 12--12
\OT1/cmr/bx/n/10.95 ef-fek-tiv
 []


Underfull \hbox (badness 10000) in alignment at lines 12--12
[][][] 
 []

Package babel Info: Redefining ngerman shorthand "|
(babel)             in language append on input line 18.
Package babel Info: Redefining ngerman shorthand "~
(babel)             in language append on input line 18.
Package babel Info: Redefining ngerman shorthand "|
(babel)             in language append on input line 18.
Package babel Info: Redefining ngerman shorthand "~
(babel)             in language append on input line 18.
[15



]
Package babel Info: Redefining ngerman shorthand "|
(babel)             in language append on input line 24.
Package babel Info: Redefining ngerman shorthand "~
(babel)             in language append on input line 24.
Package babel Info: Redefining ngerman shorthand "|
(babel)             in language append on input line 24.
Package babel Info: Redefining ngerman shorthand "~
(babel)             in language append on input line 24.
 [16]) (./journal/tag2.tex) (./journal/tag3.tex) (./journal/tag4.tex)
(./journal/tag5.tex) (./journal/tag6.tex) (./journal/tag7.tex)
(./journal/tag8.tex) (./journal/tag9.tex) (./journal/tag10.tex))
(./part1/08_abschlussbericht.tex
Kapitel 8.
Package babel Info: Redefining ngerman shorthand "|
(babel)             in language append on input line 1.
Package babel Info: Redefining ngerman shorthand "~
(babel)             in language append on input line 1.
Package babel Info: Redefining ngerman shorthand "|
(babel)             in language append on input line 2.
Package babel Info: Redefining ngerman shorthand "~
(babel)             in language append on input line 2.
Package babel Info: Redefining ngerman shorthand "|
(babel)             in language append on input line 3.
Package babel Info: Redefining ngerman shorthand "~
(babel)             in language append on input line 3.
Package babel Info: Redefining ngerman shorthand "|
(babel)             in language append on input line 4.
Package babel Info: Redefining ngerman shorthand "~
(babel)             in language append on input line 4.
Package babel Info: Redefining ngerman shorthand "|
(babel)             in language append on input line 5.
Package babel Info: Redefining ngerman shorthand "~
(babel)             in language append on input line 5.
Package babel Info: Redefining ngerman shorthand "|
(babel)             in language append on input line 6.
Package babel Info: Redefining ngerman shorthand "~
(babel)             in language append on input line 6.
Package babel Info: Redefining ngerman shorthand "|
(babel)             in language append on input line 7.
Package babel Info: Redefining ngerman shorthand "~
(babel)             in language append on input line 7.
) (./part1/09_unterschriftenteil1.tex
Package babel Info: Redefining ngerman shorthand "|
(babel)             in language append on input line 1.
Package babel Info: Redefining ngerman shorthand "~
(babel)             in language append on input line 1.
Package babel Info: Redefining ngerman shorthand "|
(babel)             in language append on input line 1.
Package babel Info: Redefining ngerman shorthand "~
(babel)             in language append on input line 1.
 [17

]
Kapitel 9.
Package babel Info: Redefining ngerman shorthand "|
(babel)             in language append on input line 1.
Package babel Info: Redefining ngerman shorthand "~
(babel)             in language append on input line 1.
))
Package babel Info: Redefining ngerman shorthand "|
(babel)             in language append on input line 113.
Package babel Info: Redefining ngerman shorthand "~
(babel)             in language append on input line 113.
Package babel Info: Redefining ngerman shorthand "|
(babel)             in language append on input line 113.
Package babel Info: Redefining ngerman shorthand "~
(babel)             in language append on input line 113.
 [18

]
Package babel Info: Redefining ngerman shorthand "|
(babel)             in language append on input line 113.
Package babel Info: Redefining ngerman shorthand "~
(babel)             in language append on input line 113.
Package babel Info: Redefining ngerman shorthand "|
(babel)             in language append on input line 113.
Package babel Info: Redefining ngerman shorthand "~
(babel)             in language append on input line 113.
Package babel Info: Redefining ngerman shorthand "|
(babel)             in language append on input line 113.
Package babel Info: Redefining ngerman shorthand "~
(babel)             in language append on input line 113.
 [19

] (./part2.tex (./part2/01_initialisierung.tex
Kapitel 10.
Package babel Info: Redefining ngerman shorthand "|
(babel)             in language append on input line 1.
Package babel Info: Redefining ngerman shorthand "~
(babel)             in language append on input line 1.
Package babel Info: Redefining ngerman shorthand "|
(babel)             in language append on input line 3.
Package babel Info: Redefining ngerman shorthand "~
(babel)             in language append on input line 3.
Package babel Info: Redefining ngerman shorthand "|
(babel)             in language append on input line 4.
Package babel Info: Redefining ngerman shorthand "~
(babel)             in language append on input line 4.
Excluding 'comment' comment.
Package babel Info: Redefining ngerman shorthand "|
(babel)             in language append on input line 13.
Package babel Info: Redefining ngerman shorthand "~
(babel)             in language append on input line 13.
Package babel Info: Redefining ngerman shorthand "|
(babel)             in language append on input line 14.
Package babel Info: Redefining ngerman shorthand "~
(babel)             in language append on input line 14.
Package babel Info: Redefining ngerman shorthand "|
(babel)             in language append on input line 15.
Package babel Info: Redefining ngerman shorthand "~
(babel)             in language append on input line 15.
Package babel Info: Redefining ngerman shorthand "|
(babel)             in language append on input line 16.
Package babel Info: Redefining ngerman shorthand "~
(babel)             in language append on input line 16.
Package babel Info: Redefining ngerman shorthand "|
(babel)             in language append on input line 18.
Package babel Info: Redefining ngerman shorthand "~
(babel)             in language append on input line 18.
) Excluding 'comment' comment.
(./part2/02_konzept.tex
Package babel Info: Redefining ngerman shorthand "|
(babel)             in language append on input line 1.
Package babel Info: Redefining ngerman shorthand "~
(babel)             in language append on input line 1.
Package babel Info: Redefining ngerman shorthand "|
(babel)             in language append on input line 1.
Package babel Info: Redefining ngerman shorthand "~
(babel)             in language append on input line 1.
 [20

]
Kapitel 11.
Package babel Info: Redefining ngerman shorthand "|
(babel)             in language append on input line 1.
Package babel Info: Redefining ngerman shorthand "~
(babel)             in language append on input line 1.
Package babel Info: Redefining ngerman shorthand "|
(babel)             in language append on input line 2.
Package babel Info: Redefining ngerman shorthand "~
(babel)             in language append on input line 2.
Package babel Info: Redefining ngerman shorthand "|
(babel)             in language append on input line 3.
Package babel Info: Redefining ngerman shorthand "~
(babel)             in language append on input line 3.
Excluding 'comment' comment.
Package babel Info: Redefining ngerman shorthand "|
(babel)             in language append on input line 7.
Package babel Info: Redefining ngerman shorthand "~
(babel)             in language append on input line 7.
Package babel Info: Redefining ngerman shorthand "|
(babel)             in language append on input line 8.
Package babel Info: Redefining ngerman shorthand "~
(babel)             in language append on input line 8.
Package babel Info: Redefining ngerman shorthand "|
(babel)             in language append on input line 9.
Package babel Info: Redefining ngerman shorthand "~
(babel)             in language append on input line 9.
Package babel Info: Redefining ngerman shorthand "|
(babel)             in language append on input line 10.
Package babel Info: Redefining ngerman shorthand "~
(babel)             in language append on input line 10.
Package babel Info: Redefining ngerman shorthand "|
(babel)             in language append on input line 11.
Package babel Info: Redefining ngerman shorthand "~
(babel)             in language append on input line 11.
Package babel Info: Redefining ngerman shorthand "|
(babel)             in language append on input line 12.
Package babel Info: Redefining ngerman shorthand "~
(babel)             in language append on input line 12.
Package babel Info: Redefining ngerman shorthand "|
(babel)             in language append on input line 13.
Package babel Info: Redefining ngerman shorthand "~
(babel)             in language append on input line 13.
Package babel Info: Redefining ngerman shorthand "|
(babel)             in language append on input line 14.
Package babel Info: Redefining ngerman shorthand "~
(babel)             in language append on input line 14.
Package babel Info: Redefining ngerman shorthand "|
(babel)             in language append on input line 15.
Package babel Info: Redefining ngerman shorthand "~
(babel)             in language append on input line 15.
Package babel Info: Redefining ngerman shorthand "|
(babel)             in language append on input line 16.
Package babel Info: Redefining ngerman shorthand "~
(babel)             in language append on input line 16.
Package babel Info: Redefining ngerman shorthand "|
(babel)             in language append on input line 17.
Package babel Info: Redefining ngerman shorthand "~
(babel)             in language append on input line 17.
Package babel Info: Redefining ngerman shorthand "|
(babel)             in language append on input line 19.
Package babel Info: Redefining ngerman shorthand "~
(babel)             in language append on input line 19.
Package babel Info: Redefining ngerman shorthand "|
(babel)             in language append on input line 21.
Package babel Info: Redefining ngerman shorthand "~
(babel)             in language append on input line 21.
Package babel Info: Redefining ngerman shorthand "|
(babel)             in language append on input line 22.
Package babel Info: Redefining ngerman shorthand "~
(babel)             in language append on input line 22.
Package babel Info: Redefining ngerman shorthand "|
(babel)             in language append on input line 23.
Package babel Info: Redefining ngerman shorthand "~
(babel)             in language append on input line 23.
Package babel Info: Redefining ngerman shorthand "|
(babel)             in language append on input line 27.
Package babel Info: Redefining ngerman shorthand "~
(babel)             in language append on input line 27.
Package babel Info: Redefining ngerman shorthand "|
(babel)             in language append on input line 31.
Package babel Info: Redefining ngerman shorthand "~
(babel)             in language append on input line 31.
Package babel Info: Redefining ngerman shorthand "|
(babel)             in language append on input line 32.
Package babel Info: Redefining ngerman shorthand "~
(babel)             in language append on input line 32.
) Excluding 'comment' comment.
(./part2/03_realisierung.tex
Package babel Info: Redefining ngerman shorthand "|
(babel)             in language append on input line 1.
Package babel Info: Redefining ngerman shorthand "~
(babel)             in language append on input line 1.
Package babel Info: Redefining ngerman shorthand "|
(babel)             in language append on input line 1.
Package babel Info: Redefining ngerman shorthand "~
(babel)             in language append on input line 1.
 [21

]
Overfull \vbox (155.58635pt too high) has occurred while \output is active []

Package babel Info: Redefining ngerman shorthand "|
(babel)             in language append on input line 1.
Package babel Info: Redefining ngerman shorthand "~
(babel)             in language append on input line 1.
Package babel Info: Redefining ngerman shorthand "|
(babel)             in language append on input line 1.
Package babel Info: Redefining ngerman shorthand "~
(babel)             in language append on input line 1.

[22]
Kapitel 12.
Package babel Info: Redefining ngerman shorthand "|
(babel)             in language append on input line 1.
Package babel Info: Redefining ngerman shorthand "~
(babel)             in language append on input line 1.
Excluding 'comment' comment.
Package babel Info: Redefining ngerman shorthand "|
(babel)             in language append on input line 11.
Package babel Info: Redefining ngerman shorthand "~
(babel)             in language append on input line 11.
Package babel Info: Redefining ngerman shorthand "|
(babel)             in language append on input line 12.
Package babel Info: Redefining ngerman shorthand "~
(babel)             in language append on input line 12.
Package babel Info: Redefining ngerman shorthand "|
(babel)             in language append on input line 13.
Package babel Info: Redefining ngerman shorthand "~
(babel)             in language append on input line 13.
Package babel Info: Redefining ngerman shorthand "|
(babel)             in language append on input line 14.
Package babel Info: Redefining ngerman shorthand "~
(babel)             in language append on input line 14.
Package babel Info: Redefining ngerman shorthand "|
(babel)             in language append on input line 17.
Package babel Info: Redefining ngerman shorthand "~
(babel)             in language append on input line 17.
 Excluding 'comment' comment.
Package babel Info: Redefining ngerman shorthand "|
(babel)             in language append on input line 27.
Package babel Info: Redefining ngerman shorthand "~
(babel)             in language append on input line 27.
)
Excluding 'comment' comment. (./part2/04_einfuehrung.tex
Package babel Info: Redefining ngerman shorthand "|
(babel)             in language append on input line 1.
Package babel Info: Redefining ngerman shorthand "~
(babel)             in language append on input line 1.
Package babel Info: Redefining ngerman shorthand "|
(babel)             in language append on input line 1.
Package babel Info: Redefining ngerman shorthand "~
(babel)             in language append on input line 1.
 [23

]
Kapitel 13.
Package babel Info: Redefining ngerman shorthand "|
(babel)             in language append on input line 1.
Package babel Info: Redefining ngerman shorthand "~
(babel)             in language append on input line 1.
Package babel Info: Redefining ngerman shorthand "|
(babel)             in language append on input line 3.
Package babel Info: Redefining ngerman shorthand "~
(babel)             in language append on input line 3.
Package babel Info: Redefining ngerman shorthand "|
(babel)             in language append on input line 5.
Package babel Info: Redefining ngerman shorthand "~
(babel)             in language append on input line 5.
Package babel Info: Redefining ngerman shorthand "|
(babel)             in language append on input line 5.
Package babel Info: Redefining ngerman shorthand "~
(babel)             in language append on input line 5.
[24

]
Kapitel 14.
Package babel Info: Redefining ngerman shorthand "|
(babel)             in language append on input line 5.
Package babel Info: Redefining ngerman shorthand "~
(babel)             in language append on input line 5.
Package babel Info: Redefining ngerman shorthand "|
(babel)             in language append on input line 6.
Package babel Info: Redefining ngerman shorthand "~
(babel)             in language append on input line 6.
Package babel Info: Redefining ngerman shorthand "|
(babel)             in language append on input line 6.
Package babel Info: Redefining ngerman shorthand "~
(babel)             in language append on input line 6.
[25

]
Kapitel 15.
Package babel Info: Redefining ngerman shorthand "|
(babel)             in language append on input line 6.
Package babel Info: Redefining ngerman shorthand "~
(babel)             in language append on input line 6.
) Excluding 'comment' comment.)
Package babel Info: Redefining ngerman shorthand "|
(babel)             in language append on input line 115.
Package babel Info: Redefining ngerman shorthand "~
(babel)             in language append on input line 115.
Package babel Info: Redefining ngerman shorthand "|
(babel)             in language append on input line 115.
Package babel Info: Redefining ngerman shorthand "~
(babel)             in language append on input line 115.
 [26

]
Package babel Info: Redefining ngerman shorthand "|
(babel)             in language append on input line 115.
Package babel Info: Redefining ngerman shorthand "~
(babel)             in language append on input line 115.
Package babel Info: Redefining ngerman shorthand "|
(babel)             in language append on input line 115.
Package babel Info: Redefining ngerman shorthand "~
(babel)             in language append on input line 115.
Package babel Info: Redefining ngerman shorthand "|
(babel)             in language append on input line 115.
Package babel Info: Redefining ngerman shorthand "~
(babel)             in language append on input line 115.
 [27

] (./part3.tex
Kapitel 16.
Package babel Info: Redefining ngerman shorthand "|
(babel)             in language append on input line 1.
Package babel Info: Redefining ngerman shorthand "~
(babel)             in language append on input line 1.
)
Package atveryend Info: Empty hook `BeforeClearDocument' on input line 117.
Package babel Info: Redefining ngerman shorthand "|
(babel)             in language append on input line 117.
Package babel Info: Redefining ngerman shorthand "~
(babel)             in language append on input line 117.
Package babel Info: Redefining ngerman shorthand "|
(babel)             in language append on input line 117.
Package babel Info: Redefining ngerman shorthand "~
(babel)             in language append on input line 117.
 [28

]
Package atveryend Info: Empty hook `AfterLastShipout' on input line 117.
 (./main.aux)
Package atveryend Info: Executing hook `AtVeryEndDocument' on input line 117.
Package atveryend Info: Executing hook `AtEndAfterFileList' on input line 117.
Package rerunfilecheck Info: File `main.out' has not changed.
(rerunfilecheck)             Checksum: 5703AECC6B6015027202CDC84F1ABA36;4900.
Package atveryend Info: Empty hook `AtVeryVeryEnd' on input line 117.
 ) 
Here is how much of TeX's memory you used:
 10576 strings out of 494976
 153343 string characters out of 6179137
 263923 words of memory out of 5000000
 13465 multiletter control sequences out of 15000+600000
 10357 words of font info for 36 fonts, out of 8000000 for 9000
 14 hyphenation exceptions out of 8191
 37i,12n,47p,255b,1229s stack positions out of 5000i,500n,10000p,200000b,80000s
</usr/share/texlive/texmf-dist/fonts/type1/public/amsfonts/cm/cmbx10.pfb></us
r/share/texlive/texmf-dist/fonts/type1/public/amsfonts/cm/cmbx12.pfb></usr/shar
e/texlive/texmf-dist/fonts/type1/public/amsfonts/cm/cmcsc10.pfb></usr/share/tex
live/texmf-dist/fonts/type1/public/amsfonts/cm/cmr10.pfb></usr/share/texlive/te
xmf-dist/fonts/type1/public/amsfonts/cm/cmr12.pfb></usr/share/texlive/texmf-dis
t/fonts/type1/public/amsfonts/cm/cmr9.pfb></usr/share/texlive/texmf-dist/fonts/
type1/public/amsfonts/cm/cmsy10.pfb></usr/share/texlive/texmf-dist/fonts/type1/
public/amsfonts/cm/cmti12.pfb>
Output written on main.pdf (29 pages, 135645 bytes).
PDF statistics:
 583 PDF objects out of 1000 (max. 8388607)
 538 compressed objects within 6 object streams
 123 named destinations out of 1000 (max. 500000)
 593 words of extra memory for PDF output out of 10000 (max. 10000000)

